<?xml version="1.0" encoding="UTF-8"?>
<coverage generated="1673034260495" clover="3.2.0">
  <project timestamp="1673034260495" name="All files">
    <metrics statements="6" coveredstatements="6" conditionals="1" coveredconditionals="1" methods="2" coveredmethods="2" elements="9" coveredelements="9" complexity="0" loc="6" ncloc="6" packages="1" files="2" classes="2"/>
    <file name="commentsCounter.js" path="D:\Microverse\Module 2\Meal-Javascript-capstone-\src\modules\commentsCounter.js">
      <metrics statements="3" coveredstatements="3" conditionals="0" coveredconditionals="0" methods="1" coveredmethods="1"/>
      <line num="1" count="1" type="stmt"/>
      <line num="2" count="3" type="stmt"/>
      <line num="3" count="3" type="stmt"/>
    </file>
    <file name="mealsCounter.js" path="D:\Microverse\Module 2\Meal-Javascript-capstone-\src\modules\mealsCounter.js">
      <metrics statements="3" coveredstatements="3" conditionals="1" coveredconditionals="1" methods="1" coveredmethods="1"/>
      <line num="1" count="1" type="cond" truecount="1" falsecount="0"/>
      <line num="2" count="3" type="stmt"/>
      <line num="3" count="3" type="stmt"/>
    </file>
  </project>
</coverage>
