{"C:\\Users\\Eddy\\Desktop\\Our Capstone\\Meal-Javascript-capstone-\\src\\modules\\counter.js": {"path":"C:\\Users\\Eddy\\Desktop\\Our Capstone\\Meal-Javascript-capstone-\\src\\modules\\counter.js","statementMap":{"0":{"start":{"line":1,"column":22},"end":{"line":4,"column":1}},"1":{"start":{"line":2,"column":23},"end":{"line":2,"column":56}},"2":{"start":{"line":3,"column":2},"end":{"line":3,"column":33}}},"fnMap":{"0":{"name":"(anonymous_0)","decl":{"start":{"line":1,"column":22},"end":{"line":1,"column":23}},"loc":{"start":{"line":1,"column":35},"end":{"line":4,"column":1}},"line":1}},"branchMap":{"0":{"loc":{"start":{"line":1,"column":23},"end":{"line":1,"column":30}},"type":"default-arg","locations":[{"start":{"line":1,"column":29},"end":{"line":1,"column":30}}],"line":1}},"s":{"0":1,"1":3,"2":3},"f":{"0":3},"b":{"0":[1]},"_coverageSchema":"1a1c01bbd47fc00a2c39e90264f33305004495a9","hash":"6faed60d63f2dc67f2c9c2ce2ff741bb69d693ff"}
}
