{"D:\\Microverse\\Module 2\\Meal-Javascript-capstone-\\src\\modules\\commentsCounter.js": {"path":"D:\\Microverse\\Module 2\\Meal-Javascript-capstone-\\src\\modules\\commentsCounter.js","statementMap":{"0":{"start":{"line":1,"column":24},"end":{"line":4,"column":1}},"1":{"start":{"line":2,"column":21},"end":{"line":2,"column":32}},"2":{"start":{"line":3,"column":2},"end":{"line":3,"column":16}}},"fnMap":{"0":{"name":"(anonymous_0)","decl":{"start":{"line":1,"column":24},"end":{"line":1,"column":25}},"loc":{"start":{"line":1,"column":41},"end":{"line":4,"column":1}},"line":1}},"branchMap":{},"s":{"0":1,"1":3,"2":3},"f":{"0":3},"b":{},"_coverageSchema":"1a1c01bbd47fc00a2c39e90264f33305004495a9","hash":"0a11dd3e42992b3af8035b90426b910e46da1010"}
,"D:\\Microverse\\Module 2\\Meal-Javascript-capstone-\\src\\modules\\mealsCounter.js": {"path":"D:\\Microverse\\Module 2\\Meal-Javascript-capstone-\\src\\modules\\mealsCounter.js","statementMap":{"0":{"start":{"line":1,"column":21},"end":{"line":4,"column":1}},"1":{"start":{"line":2,"column":23},"end":{"line":2,"column":56}},"2":{"start":{"line":3,"column":2},"end":{"line":3,"column":33}}},"fnMap":{"0":{"name":"(anonymous_0)","decl":{"start":{"line":1,"column":21},"end":{"line":1,"column":22}},"loc":{"start":{"line":1,"column":34},"end":{"line":4,"column":1}},"line":1}},"branchMap":{"0":{"loc":{"start":{"line":1,"column":22},"end":{"line":1,"column":29}},"type":"default-arg","locations":[{"start":{"line":1,"column":28},"end":{"line":1,"column":29}}],"line":1}},"s":{"0":1,"1":3,"2":3},"f":{"0":3},"b":{"0":[1]},"_coverageSchema":"1a1c01bbd47fc00a2c39e90264f33305004495a9","hash":"f08ba7bcf7c2da5836abd955288b80af904279f7"}
}
